2026-06-23 17:40:35.236 +05:30 [WRN] Entity 'Instrument' has a global query filter defined and is the required end of a relationship with the entity 'InstrumentConfig'. This may lead to unexpected results when the required entity is filtered out. Either configure the navigation as optional, or define matching query filters for both entities in the navigation. See https://go.microsoft.com/fwlink/?linkid=2131316 for more information.
2026-06-23 17:40:35.381 +05:30 [WRN] The property 'Asset.CustomFields' is a collection or enumeration type with a value converter but with no value comparer. Set a value comparer to ensure the collection/enumeration elements are compared correctly.
2026-06-23 17:40:35.394 +05:30 [WRN] The property 'InstitutionSettings.CustomSettings' is a collection or enumeration type with a value converter but with no value comparer. Set a value comparer to ensure the collection/enumeration elements are compared correctly.
2026-06-23 17:40:35.404 +05:30 [WRN] The property 'InstrumentConfig.MetricKeys' is a collection or enumeration type with a value converter but with no value comparer. Set a value comparer to ensure the collection/enumeration elements are compared correctly.
2026-06-23 17:40:35.409 +05:30 [WRN] The property 'TelemetryRecord.Metrics' is a collection or enumeration type with a value converter but with no value comparer. Set a value comparer to ensure the collection/enumeration elements are compared correctly.
2026-06-23 17:40:35.422 +05:30 [WRN] The foreign key property 'CustodyEvent.AssetId1' was created in shadow state because a conflicting property with the simple name 'AssetId' exists in the entity type, but is either not mapped, is already used for another relationship, or is incompatible with the associated primary key type. See https://aka.ms/efcore-relationships for information on mapping relationships in EF Core.
2026-06-23 17:40:35.424 +05:30 [WRN] The foreign key property 'MaintenanceRecord.AssetId1' was created in shadow state because a conflicting property with the simple name 'AssetId' exists in the entity type, but is either not mapped, is already used for another relationship, or is incompatible with the associated primary key type. See https://aka.ms/efcore-relationships for information on mapping relationships in EF Core.
2026-06-23 17:41:59.902 +05:30 [WRN] Entity 'Instrument' has a global query filter defined and is the required end of a relationship with the entity 'InstrumentConfig'. This may lead to unexpected results when the required entity is filtered out. Either configure the navigation as optional, or define matching query filters for both entities in the navigation. See https://go.microsoft.com/fwlink/?linkid=2131316 for more information.
2026-06-23 17:41:59.985 +05:30 [WRN] The property 'Asset.CustomFields' is a collection or enumeration type with a value converter but with no value comparer. Set a value comparer to ensure the collection/enumeration elements are compared correctly.
2026-06-23 17:41:59.993 +05:30 [WRN] The property 'InstitutionSettings.CustomSettings' is a collection or enumeration type with a value converter but with no value comparer. Set a value comparer to ensure the collection/enumeration elements are compared correctly.
2026-06-23 17:41:59.995 +05:30 [WRN] The property 'InstrumentConfig.MetricKeys' is a collection or enumeration type with a value converter but with no value comparer. Set a value comparer to ensure the collection/enumeration elements are compared correctly.
2026-06-23 17:41:59.999 +05:30 [WRN] The property 'TelemetryRecord.Metrics' is a collection or enumeration type with a value converter but with no value comparer. Set a value comparer to ensure the collection/enumeration elements are compared correctly.
2026-06-23 17:42:00.020 +05:30 [WRN] The foreign key property 'CustodyEvent.AssetId1' was created in shadow state because a conflicting property with the simple name 'AssetId' exists in the entity type, but is either not mapped, is already used for another relationship, or is incompatible with the associated primary key type. See https://aka.ms/efcore-relationships for information on mapping relationships in EF Core.
2026-06-23 17:42:00.023 +05:30 [WRN] The foreign key property 'MaintenanceRecord.AssetId1' was created in shadow state because a conflicting property with the simple name 'AssetId' exists in the entity type, but is either not mapped, is already used for another relationship, or is incompatible with the associated primary key type. See https://aka.ms/efcore-relationships for information on mapping relationships in EF Core.
2026-06-23 17:42:00.595 +05:30 [INF] Executed DbCommand (46ms) [Parameters=[], CommandType='"Text"', CommandTimeout='30']
SELECT 1
2026-06-23 17:42:00.688 +05:30 [INF] Executed DbCommand (61ms) [Parameters=[], CommandType='"Text"', CommandTimeout='30']

IF EXISTS
    (SELECT *
     FROM [sys].[objects] o
     WHERE [o].[type] = 'U'
     AND [o].[is_ms_shipped] = 0
     AND [o].[object_id] NOT IN (SELECT [ep].[major_id]
        FROM [sys].[extended_properties] AS [ep]
        WHERE [ep].[minor_id] = 0
            AND [ep].[class] = 1
            AND [ep].[name] = N'microsoft_database_tools_support'
    )
)
SELECT 1 ELSE SELECT 0
2026-06-23 17:42:01.152 +05:30 [INF] Executed DbCommand (5ms) [Parameters=[], CommandType='"Text"', CommandTimeout='30']
SELECT CASE
    WHEN EXISTS (
        SELECT 1
        FROM [Tenants] AS [t]) THEN CAST(1 AS bit)
    ELSE CAST(0 AS bit)
END
2026-06-23 17:42:01.435 +05:30 [INF] User profile is available. Using 'C:\Users\NET_SP\AppData\Local\ASP.NET\DataProtection-Keys' as key repository and Windows DPAPI to encrypt keys at rest.
2026-06-23 17:42:01.695 +05:30 [INF] Start installing Hangfire SQL objects...
2026-06-23 17:42:01.899 +05:30 [INF] Hangfire SQL objects installed.
2026-06-23 17:42:02.196 +05:30 [INF] Now listening on: http://localhost:5278
2026-06-23 17:42:02.301 +05:30 [INF] Bus started: "rabbitmq://localhost/"
2026-06-23 17:42:02.316 +05:30 [INF] Starting Hangfire Server using job storage: 'SQL Server: .\SQLEXPRESS@ResearchLms_Identity'
2026-06-23 17:42:02.318 +05:30 [INF] Using the following options for SQL Server job storage: Queue poll interval: 00:00:00.
2026-06-23 17:42:02.319 +05:30 [INF] Using the following options for Hangfire Server:
    Worker count: 20
    Listening queues: 'default'
    Shutdown timeout: 00:00:15
    Schedule polling interval: 00:00:15
2026-06-23 17:42:02.368 +05:30 [INF] Application started. Press Ctrl+C to shut down.
2026-06-23 17:42:02.371 +05:30 [INF] Hosting environment: Development
2026-06-23 17:42:02.373 +05:30 [INF] Content root path: E:\LIMS\research-lms\backend\Services\Facility\ResearchLms.Facility.Api
2026-06-23 17:42:02.612 +05:30 [INF] Server desktop-oh5vlr8:20356:2ccfb8a2 successfully announced in 240.4899 ms
2026-06-23 17:42:02.653 +05:30 [INF] Server desktop-oh5vlr8:20356:2ccfb8a2 is starting the registered dispatchers: ServerWatchdog, ServerJobCancellationWatcher, SqlServerHeartbeatProcess, ExpirationManager, CountersAggregator, Worker, DelayedJobScheduler, RecurringJobScheduler...
2026-06-23 17:42:03.107 +05:30 [INF] Server desktop-oh5vlr8:20356:2ccfb8a2 all the dispatchers started
2026-06-23 17:43:34.353 +05:30 [WRN] Entity 'Instrument' has a global query filter defined and is the required end of a relationship with the entity 'InstrumentConfig'. This may lead to unexpected results when the required entity is filtered out. Either configure the navigation as optional, or define matching query filters for both entities in the navigation. See https://go.microsoft.com/fwlink/?linkid=2131316 for more information.
2026-06-23 17:43:34.449 +05:30 [WRN] The property 'Asset.CustomFields' is a collection or enumeration type with a value converter but with no value comparer. Set a value comparer to ensure the collection/enumeration elements are compared correctly.
2026-06-23 17:43:34.458 +05:30 [WRN] The property 'InstitutionSettings.CustomSettings' is a collection or enumeration type with a value converter but with no value comparer. Set a value comparer to ensure the collection/enumeration elements are compared correctly.
2026-06-23 17:43:34.460 +05:30 [WRN] The property 'InstrumentConfig.MetricKeys' is a collection or enumeration type with a value converter but with no value comparer. Set a value comparer to ensure the collection/enumeration elements are compared correctly.
2026-06-23 17:43:34.464 +05:30 [WRN] The property 'TelemetryRecord.Metrics' is a collection or enumeration type with a value converter but with no value comparer. Set a value comparer to ensure the collection/enumeration elements are compared correctly.
2026-06-23 17:43:34.479 +05:30 [WRN] The foreign key property 'CustodyEvent.AssetId1' was created in shadow state because a conflicting property with the simple name 'AssetId' exists in the entity type, but is either not mapped, is already used for another relationship, or is incompatible with the associated primary key type. See https://aka.ms/efcore-relationships for information on mapping relationships in EF Core.
2026-06-23 17:43:34.480 +05:30 [WRN] The foreign key property 'MaintenanceRecord.AssetId1' was created in shadow state because a conflicting property with the simple name 'AssetId' exists in the entity type, but is either not mapped, is already used for another relationship, or is incompatible with the associated primary key type. See https://aka.ms/efcore-relationships for information on mapping relationships in EF Core.
2026-06-23 17:43:35.051 +05:30 [INF] Executed DbCommand (48ms) [Parameters=[], CommandType='"Text"', CommandTimeout='30']
SELECT 1
2026-06-23 17:43:35.122 +05:30 [INF] Executed DbCommand (45ms) [Parameters=[], CommandType='"Text"', CommandTimeout='30']

IF EXISTS
    (SELECT *
     FROM [sys].[objects] o
     WHERE [o].[type] = 'U'
     AND [o].[is_ms_shipped] = 0
     AND [o].[object_id] NOT IN (SELECT [ep].[major_id]
        FROM [sys].[extended_properties] AS [ep]
        WHERE [ep].[minor_id] = 0
            AND [ep].[class] = 1
            AND [ep].[name] = N'microsoft_database_tools_support'
    )
)
SELECT 1 ELSE SELECT 0
2026-06-23 17:43:35.571 +05:30 [INF] Executed DbCommand (8ms) [Parameters=[], CommandType='"Text"', CommandTimeout='30']
SELECT CASE
    WHEN EXISTS (
        SELECT 1
        FROM [Tenants] AS [t]) THEN CAST(1 AS bit)
    ELSE CAST(0 AS bit)
END
2026-06-23 17:43:35.822 +05:30 [INF] User profile is available. Using 'C:\Users\NET_SP\AppData\Local\ASP.NET\DataProtection-Keys' as key repository and Windows DPAPI to encrypt keys at rest.
2026-06-23 17:43:36.082 +05:30 [INF] Start installing Hangfire SQL objects...
2026-06-23 17:43:36.325 +05:30 [INF] Hangfire SQL objects installed.
2026-06-23 17:43:36.602 +05:30 [INF] Now listening on: http://localhost:5278
2026-06-23 17:43:36.661 +05:30 [INF] Bus started: "rabbitmq://localhost/"
2026-06-23 17:43:36.700 +05:30 [INF] Starting Hangfire Server using job storage: 'SQL Server: .\SQLEXPRESS@ResearchLms_Identity'
2026-06-23 17:43:36.701 +05:30 [INF] Using the following options for SQL Server job storage: Queue poll interval: 00:00:00.
2026-06-23 17:43:36.703 +05:30 [INF] Using the following options for Hangfire Server:
    Worker count: 20
    Listening queues: 'default'
    Shutdown timeout: 00:00:15
    Schedule polling interval: 00:00:15
2026-06-23 17:43:36.733 +05:30 [INF] Application started. Press Ctrl+C to shut down.
2026-06-23 17:43:36.734 +05:30 [INF] Hosting environment: Development
2026-06-23 17:43:36.736 +05:30 [INF] Content root path: E:\LIMS\research-lms\backend\Services\Facility\ResearchLms.Facility.Api
2026-06-23 17:43:36.947 +05:30 [INF] Server desktop-oh5vlr8:18280:bea09292 successfully announced in 211.0456 ms
2026-06-23 17:43:36.981 +05:30 [INF] Server desktop-oh5vlr8:18280:bea09292 is starting the registered dispatchers: ServerWatchdog, ServerJobCancellationWatcher, SqlServerHeartbeatProcess, ExpirationManager, CountersAggregator, Worker, DelayedJobScheduler, RecurringJobScheduler...
2026-06-23 17:43:37.391 +05:30 [INF] Server desktop-oh5vlr8:18280:bea09292 all the dispatchers started
2026-06-23 17:43:39.352 +05:30 [INF] Request starting HTTP/1.1 GET http://localhost:5278/ - null null
